c:\users\axel\documents\projet\vs\minecraft-opengl\_minecraft\base\debug\vc120.pdb
c:\users\axel\documents\projet\vs\minecraft-opengl\_minecraft\base\debug\vc120.idb
c:\users\axel\documents\projet\vs\minecraft-opengl\_minecraft\base\debug\log.obj
c:\users\axel\documents\projet\vs\minecraft-opengl\_minecraft\base\debug\renderer.obj
c:\users\axel\documents\projet\vs\minecraft-opengl\_minecraft\base\debug\cloud.obj
c:\users\axel\documents\projet\vs\minecraft-opengl\_minecraft\base\debug\freeflycam.obj
c:\users\axel\documents\projet\vs\minecraft-opengl\_minecraft\base\debug\chunk.obj
c:\users\axel\documents\projet\vs\minecraft-opengl\_minecraft\base\debug\main.obj
c:\users\axel\documents\projet\vs\minecraft-opengl\_minecraft\base\debug\daymanager.obj
c:\users\axel\documents\projet\vs\minecraft-opengl\_minecraft\base\debug\starmanager.obj
c:\users\axel\documents\projet\vs\minecraft-opengl\_minecraft\base\debug\weathersystem.obj
c:\users\axel\documents\projet\vs\minecraft-opengl\minecraft-opengl\_minecraft\base\debug\vc120.pdb
c:\users\axel\documents\projet\vs\minecraft-opengl\minecraft-opengl\_minecraft\base\debug\vc120.idb
c:\users\axel\documents\projet\vs\minecraft-opengl\minecraft-opengl\_minecraft\base\debug\log.obj
c:\users\axel\documents\projet\vs\minecraft-opengl\minecraft-opengl\_minecraft\base\debug\renderer.obj
c:\users\axel\documents\projet\vs\minecraft-opengl\minecraft-opengl\_minecraft\base\debug\cloud.obj
c:\users\axel\documents\projet\vs\minecraft-opengl\minecraft-opengl\_minecraft\base\debug\freeflycam.obj
c:\users\axel\documents\projet\vs\minecraft-opengl\minecraft-opengl\_minecraft\base\debug\chunk.obj
c:\users\axel\documents\projet\vs\minecraft-opengl\minecraft-opengl\_minecraft\base\debug\main.obj
c:\users\axel\documents\projet\vs\minecraft-opengl\minecraft-opengl\_minecraft\base\debug\daymanager.obj
c:\users\axel\documents\projet\vs\minecraft-opengl\minecraft-opengl\_minecraft\base\debug\starmanager.obj
c:\users\axel\documents\projet\vs\minecraft-opengl\minecraft-opengl\_minecraft\base\debug\weathersystem.obj
c:\users\axel\documents\projet\vs\minecraft-opengl\minecraft-opengl\_minecraft\debug\base.ilk
c:\users\axel\documents\projet\vs\minecraft-opengl\minecraft-opengl\_minecraft\debug\base.exe
c:\users\axel\documents\projet\vs\minecraft-opengl\minecraft-opengl\_minecraft\debug\base.pdb
c:\users\axel\documents\projet\vs\minecraft-opengl\_minecraft\debug\base.ilk
c:\users\axel\documents\projet\vs\minecraft-opengl\_minecraft\debug\base.exe
c:\users\axel\documents\projet\vs\minecraft-opengl\_minecraft\debug\base.pdb
c:\users\axel\documents\projet\vs\minecraft-opengl\_minecraft\base\debug\base.tlog\cl.command.1.tlog
c:\users\axel\documents\projet\vs\minecraft-opengl\_minecraft\base\debug\base.tlog\cl.read.1.tlog
c:\users\axel\documents\projet\vs\minecraft-opengl\_minecraft\base\debug\base.tlog\cl.write.1.tlog
c:\users\axel\documents\projet\vs\minecraft-opengl\_minecraft\base\debug\base.tlog\link.command.1.tlog
c:\users\axel\documents\projet\vs\minecraft-opengl\_minecraft\base\debug\base.tlog\link.read.1.tlog
c:\users\axel\documents\projet\vs\minecraft-opengl\_minecraft\base\debug\base.tlog\link.write.1.tlog
